2023-02-25 02:35:01,037 INFO: Microblog startup [in /mnt/c/Users/willw/Documents/GitHub/projet_photo/microblog/app/__init__.py:107]
2023-02-25 02:37:23,608 INFO: Microblog startup [in /mnt/c/Users/willw/Documents/GitHub/projet_photo/microblog/app/__init__.py:107]
2023-02-25 02:40:37,823 INFO: Microblog startup [in /mnt/c/Users/willw/Documents/GitHub/projet_photo/microblog/app/__init__.py:107]
2023-02-25 02:41:03,444 INFO: Microblog startup [in /mnt/c/Users/willw/Documents/GitHub/projet_photo/microblog/app/__init__.py:107]
2023-02-25 02:41:28,401 INFO: Microblog startup [in /mnt/c/Users/willw/Documents/GitHub/projet_photo/microblog/app/__init__.py:107]
2023-02-25 02:42:21,695 INFO: Microblog startup [in /mnt/c/Users/willw/Documents/GitHub/projet_photo/microblog/app/__init__.py:107]
2023-02-25 02:48:56,557 INFO: Microblog startup [in /mnt/c/Users/willw/Documents/GitHub/projet_photo/microblog/app/__init__.py:107]
2023-02-25 02:51:22,918 INFO: Microblog startup [in /mnt/c/Users/willw/Documents/GitHub/projet_photo/microblog/app/__init__.py:107]
2023-02-25 02:53:07,354 INFO: Microblog startup [in /mnt/c/Users/willw/Documents/GitHub/projet_photo/microblog/app/__init__.py:107]
2023-02-25 02:54:05,726 INFO: Microblog startup [in /mnt/c/Users/willw/Documents/GitHub/projet_photo/microblog/app/__init__.py:107]
2023-02-25 02:57:00,453 INFO: Microblog startup [in /mnt/c/Users/willw/Documents/GitHub/projet_photo/microblog/app/__init__.py:107]
2023-02-25 03:00:15,496 INFO: Microblog startup [in /mnt/c/Users/willw/Documents/GitHub/projet_photo/microblog/app/__init__.py:107]
2023-02-25 03:06:26,811 INFO: Microblog startup [in /mnt/c/Users/willw/Documents/GitHub/projet_photo/microblog/app/__init__.py:107]
2023-02-25 03:06:56,436 INFO: Microblog startup [in /mnt/c/Users/willw/Documents/GitHub/projet_photo/microblog/app/__init__.py:107]
2023-02-25 03:08:41,452 INFO: Microblog startup [in /mnt/c/Users/willw/Documents/GitHub/projet_photo/microblog/app/__init__.py:107]
2023-02-25 03:09:28,769 INFO: Microblog startup [in /mnt/c/Users/willw/Documents/GitHub/projet_photo/microblog/app/__init__.py:107]
2023-02-25 13:36:36,008 INFO: Microblog startup [in /mnt/c/Users/willw/Documents/GitHub/projet_photo/microblog/app/__init__.py:107]
2023-02-25 13:38:47,496 INFO: Microblog startup [in /mnt/c/Users/willw/Documents/GitHub/projet_photo/microblog/app/__init__.py:107]
2023-02-25 13:39:21,538 INFO: Microblog startup [in /mnt/c/Users/willw/Documents/GitHub/projet_photo/microblog/app/__init__.py:107]
2023-02-25 13:40:15,916 INFO: Microblog startup [in /mnt/c/Users/willw/Documents/GitHub/projet_photo/microblog/app/__init__.py:107]
2023-02-25 13:43:15,692 INFO: Microblog startup [in /mnt/c/Users/willw/Documents/GitHub/projet_photo/microblog/app/__init__.py:107]
2023-02-25 13:45:15,765 INFO: Microblog startup [in /mnt/c/Users/willw/Documents/GitHub/projet_photo/microblog/app/__init__.py:107]
2023-02-25 13:49:54,703 INFO: Microblog startup [in /mnt/c/Users/willw/Documents/GitHub/projet_photo/microblog/app/__init__.py:107]
2023-02-25 13:52:44,408 INFO: Microblog startup [in /mnt/c/Users/willw/Documents/GitHub/projet_photo/microblog/app/__init__.py:107]
2023-02-25 14:07:25,590 INFO: Microblog startup [in /mnt/c/Users/willw/Documents/GitHub/projet_photo/microblog/app/__init__.py:107]
2023-02-25 14:13:40,264 INFO: Microblog startup [in /mnt/c/Users/willw/Documents/GitHub/projet_photo/microblog/app/__init__.py:107]
2023-02-25 14:15:36,684 INFO: Microblog startup [in /mnt/c/Users/willw/Documents/GitHub/projet_photo/microblog/app/__init__.py:107]
2023-02-25 14:16:05,272 INFO: Microblog startup [in /mnt/c/Users/willw/Documents/GitHub/projet_photo/microblog/app/__init__.py:107]
2023-02-25 14:17:17,560 INFO: Microblog startup [in /mnt/c/Users/willw/Documents/GitHub/projet_photo/microblog/app/__init__.py:107]
2023-02-25 14:18:03,707 INFO: Microblog startup [in /mnt/c/Users/willw/Documents/GitHub/projet_photo/microblog/app/__init__.py:107]
2023-02-25 14:23:16,385 INFO: Microblog startup [in /mnt/c/Users/willw/Documents/GitHub/projet_photo/microblog/app/__init__.py:107]
2023-02-25 16:57:35,522 INFO: Microblog startup [in /mnt/c/Users/willw/Documents/GitHub/projet_photo/microblog/app/__init__.py:107]
2023-02-25 16:57:38,619 ERROR: Exception on /api/food_business [GET] [in /mnt/c/Users/willw/Documents/GitHub/projet_photo/microblog/venv/lib/python3.11/site-packages/flask/app.py:1457]
Traceback (most recent call last):
  File "/mnt/c/Users/willw/Documents/GitHub/projet_photo/microblog/venv/lib/python3.11/site-packages/flask/app.py", line 2073, in wsgi_app
    response = self.full_dispatch_request()
               ^^^^^^^^^^^^^^^^^^^^^^^^^^^^
  File "/mnt/c/Users/willw/Documents/GitHub/projet_photo/microblog/venv/lib/python3.11/site-packages/flask/app.py", line 1518, in full_dispatch_request
    rv = self.handle_user_exception(e)
         ^^^^^^^^^^^^^^^^^^^^^^^^^^^^^
  File "/mnt/c/Users/willw/Documents/GitHub/projet_photo/microblog/venv/lib/python3.11/site-packages/flask/app.py", line 1516, in full_dispatch_request
    rv = self.dispatch_request()
         ^^^^^^^^^^^^^^^^^^^^^^^
  File "/mnt/c/Users/willw/Documents/GitHub/projet_photo/microblog/venv/lib/python3.11/site-packages/flask/app.py", line 1502, in dispatch_request
    return self.ensure_sync(self.view_functions[rule.endpoint])(**req.view_args)
           ^^^^^^^^^^^^^^^^^^^^^^^^^^^^^^^^^^^^^^^^^^^^^^^^^^^^^^^^^^^^^^^^^^^^^
  File "/mnt/c/Users/willw/Documents/GitHub/projet_photo/microblog/app/api/routes.py", line 44, in get_food_business_json
    result = BusinessMontreal.query.filter_by(name=food_business).all()
             ^^^^^^^^^^^^^^^^^^^^^^^^^^^^^^^^^^^^^^^^^^^^^^^^^^^^^^^^^^
  File "/mnt/c/Users/willw/Documents/GitHub/projet_photo/microblog/venv/lib/python3.11/site-packages/sqlalchemy/orm/query.py", line 2772, in all
    return self._iter().all()
           ^^^^^^^^^^^^
  File "/mnt/c/Users/willw/Documents/GitHub/projet_photo/microblog/venv/lib/python3.11/site-packages/sqlalchemy/orm/query.py", line 2915, in _iter
    result = self.session.execute(
             ^^^^^^^^^^^^^^^^^^^^^
  File "/mnt/c/Users/willw/Documents/GitHub/projet_photo/microblog/venv/lib/python3.11/site-packages/sqlalchemy/orm/session.py", line 1713, in execute
    conn = self._connection_for_bind(bind)
           ^^^^^^^^^^^^^^^^^^^^^^^^^^^^^^^
  File "/mnt/c/Users/willw/Documents/GitHub/projet_photo/microblog/venv/lib/python3.11/site-packages/sqlalchemy/orm/session.py", line 1552, in _connection_for_bind
    return self._transaction._connection_for_bind(
           ^^^^^^^^^^^^^^^^^^^^^^^^^^^^^^^^^^^^^^^
  File "/mnt/c/Users/willw/Documents/GitHub/projet_photo/microblog/venv/lib/python3.11/site-packages/sqlalchemy/orm/session.py", line 721, in _connection_for_bind
    self._assert_active()
  File "/mnt/c/Users/willw/Documents/GitHub/projet_photo/microblog/venv/lib/python3.11/site-packages/sqlalchemy/orm/session.py", line 601, in _assert_active
    raise sa_exc.PendingRollbackError(
sqlalchemy.exc.PendingRollbackError: This Session's transaction has been rolled back due to a previous exception during flush. To begin a new transaction with this Session, first issue Session.rollback(). Original exception was: (builtins.ValueError) could not convert string to float: ''
[SQL: UPDATE business_montreal SET id=?, date_statut=?, latitude=?, longitude=?, x=?, y=? WHERE business_montreal.id = ?]
[parameters: [{'y': '', 'x': '', 'id': '986', 'date_statut': datetime.date(2009, 4, 2), 'latitude': '', 'longitude': '', 'business_montreal_id': 986}]] (Background on this error at: https://sqlalche.me/e/14/7s2a)
2023-02-25 22:20:27,352 INFO: Microblog startup [in /mnt/c/Users/willw/Documents/GitHub/projet_photo/microblog/app/__init__.py:107]
2023-02-25 22:21:18,572 INFO: Microblog startup [in /mnt/c/Users/willw/Documents/GitHub/projet_photo/microblog/app/__init__.py:107]
2023-02-25 22:31:40,826 INFO: Microblog startup [in /mnt/c/Users/willw/Documents/GitHub/projet_photo/microblog/app/__init__.py:107]
2023-02-26 02:11:23,113 INFO: Microblog startup [in /mnt/c/Users/willw/Documents/GitHub/projet_photo/microblog/app/__init__.py:108]
2023-02-26 17:01:28,948 INFO: Microblog startup [in /mnt/c/Users/willw/Documents/GitHub/projet_photo/microblog/app/__init__.py:108]
2023-02-26 17:02:31,487 INFO: Microblog startup [in /mnt/c/Users/willw/Documents/GitHub/projet_photo/microblog/app/__init__.py:108]
